\BOOKMARK [1][-]{section.1}{\376\377\230\230\166\356\143\317\217\360}{}% 1
\BOOKMARK [2][-]{subsection.1.1}{\376\377\230\230\166\356\200\314\146\157}{section.1}% 2
\BOOKMARK [2][-]{subsection.1.2}{\376\377\230\230\166\356\116\373\122\241}{section.1}% 3
\BOOKMARK [2][-]{subsection.1.3}{\376\377\145\160\143\156\213\364\146\016}{section.1}% 4
\BOOKMARK [2][-]{subsection.1.4}{\376\377\213\304\155\113\150\007\121\306}{section.1}% 5
\BOOKMARK [1][-]{section.2}{\376\377\230\230\166\356\122\006\147\220\116\016\145\271\150\110\213\276\213\241}{}% 6
\BOOKMARK [2][-]{subsection.2.1}{\376\377\133\371\145\160\143\156\166\204\127\372\147\054\162\171\137\201\122\006\147\220\124\214\213\276\213\241\140\035\215\357}{section.2}% 7
\BOOKMARK [2][-]{subsection.2.2}{\376\377\162\171\137\201\143\320\123\326\116\016\152\041\127\213\220\011\142\351}{section.2}% 8
\BOOKMARK [1][-]{section.3}{\376\377\145\271\154\325\213\364\146\016}{}% 9
\BOOKMARK [2][-]{subsection.3.1}{\376\377\122\006\213\315}{section.3}% 10
\BOOKMARK [2][-]{subsection.3.2}{\376\377\162\171\137\201\143\320\123\326}{section.3}% 11
\BOOKMARK [3][-]{subsubsection.3.2.1}{\376\377\226\220\124\053\162\304\122\051\121\113\226\367\116\073\230\230\152\041\127\213\000\050\000L\000D\000A\000\051}{subsection.3.2}% 12
\BOOKMARK [3][-]{subsubsection.3.2.2}{\376\377\213\315\210\213\152\041\127\213\000\050\000B\000O\000W\000\051}{subsection.3.2}% 13
\BOOKMARK [3][-]{subsubsection.3.2.3}{\376\377\000T\000F\000I\000D\000F}{subsection.3.2}% 14
\BOOKMARK [3][-]{subsubsection.3.2.4}{\376\377\217\223\121\145\000L\000S\000T\000M\166\204\213\315\124\021\221\317\167\351\226\065}{subsection.3.2}% 15
\BOOKMARK [2][-]{subsection.3.3}{\376\377\133\146\116\140\145\271\154\325}{section.3}% 16
\BOOKMARK [3][-]{subsubsection.3.3.1}{\376\377\220\073\217\221\126\336\137\122\152\041\127\213\000\050\000L\000R\000\051}{subsection.3.3}% 17
\BOOKMARK [3][-]{subsubsection.3.3.2}{\376\377\147\064\175\040\215\035\123\366\145\257\152\041\127\213\000\050\000N\000B\000\051}{subsection.3.3}% 18
\BOOKMARK [3][-]{subsubsection.3.3.3}{\376\377\131\032\134\102\141\037\167\345\147\072\152\041\127\213\000\050\000M\000L\000P\000\051}{subsection.3.3}% 19
\BOOKMARK [3][-]{subsubsection.3.3.4}{\376\377\226\217\147\072\150\356\147\227\152\041\127\213\000\050\000R\000F\000\051}{subsection.3.3}% 20
\BOOKMARK [3][-]{subsubsection.3.3.5}{\376\377\226\306\142\020\152\041\127\213\000\050\000E\000n\000s\000e\000m\000b\000l\000e\000\051}{subsection.3.3}% 21
\BOOKMARK [3][-]{subsubsection.3.3.6}{\376\377\225\177\167\355\147\037\137\252\163\257\171\136\176\317\177\121\176\334\000\050\000L\000S\000T\000M\000\051}{subsection.3.3}% 22
\BOOKMARK [2][-]{subsection.3.4}{\376\377\143\320\123\107\124\214\145\071\217\333\166\204\140\035\215\357}{section.3}% 23
\BOOKMARK [1][-]{section.4}{\376\377\213\325\232\214\176\323\147\234}{}% 24
\BOOKMARK [2][-]{subsection.4.1}{\376\377\176\277\116\012\153\324\215\133\176\323\147\234}{section.4}% 25
\BOOKMARK [2][-]{subsection.4.2}{\376\377\124\004\171\315\145\271\154\325\166\204\176\323\147\234\116\016\122\006\147\220}{section.4}% 26
\BOOKMARK [2][-]{subsection.4.3}{\376\377\154\241\147\011\211\343\121\263\166\204\225\356\230\230\124\214\116\073\211\201\126\360\226\276}{section.4}% 27
\BOOKMARK [1][-]{section.5}{\376\377\226\104\137\125}{}% 28
\BOOKMARK [2][-]{subsection.5.1}{\376\377\116\052\116\272\145\066\203\267}{section.5}% 29
\BOOKMARK [2][-]{subsection.5.2}{\376\377\122\006\135\345\213\364\146\016}{section.5}% 30
\BOOKMARK [1][-]{section.6}{\376\377\123\302\200\003\145\207\163\056}{}% 31
